--2024-11-21 20:49:57--  https://ftp.ebi.ac.uk/pub/databases/gencode/Gencode_mouse/release_M36/gencode.vM36.basic.annotation.gtf.gz
Resolving ftp.ebi.ac.uk (ftp.ebi.ac.uk)... 193.62.193.165
Connecting to ftp.ebi.ac.uk (ftp.ebi.ac.uk)|193.62.193.165|:443... connected.
HTTP request sent, awaiting response... 200 OK
Length: 23747170 (23M) [application/x-gzip]
Saving to: ‘gencode.vM36.basic.annotation.gtf.gz’

     0K .......... .......... .......... .......... ..........  0%  156K 2m29s
    50K .......... .......... .......... .......... ..........  0% 79.0M 74s
   100K .......... .......... .......... .......... ..........  0%  290K 76s
   150K .......... .......... .......... .......... ..........  0% 27.5M 57s
   200K .......... .......... .......... .......... ..........  1%  279K 62s
   250K .......... .......... .......... .......... ..........  1% 40.6M 52s
   300K .......... .......... .......... .......... ..........  1%  216M 44s
   350K .......... .......... .......... .......... ..........  1% 3.41M 39s
   400K .......... .......... .......... .......... ..........  1% 5.56M 35s
   450K .......... .......... .......... .......... ..........  2%  299K 39s
   500K .......... .......... .......... .......... ..........  2%  146M 36s
   550K .......... .......... .......... .......... ..........  2%  110M 33s
   600K .......... .......... .......... .......... ..........  2% 21.8M 30s
   650K .......... .......... .......... .......... ..........  3% 4.28M 28s
   700K .......... .......... .......... .......... ..........  3% 34.5M 26s
   750K .......... .......... .......... .......... ..........  3%  286K 30s
   800K .......... .......... .......... .......... ..........  3% 48.0M 28s
   850K .......... .......... .......... .......... ..........  3% 36.8M 26s
   900K .......... .......... .......... .......... ..........  4% 8.84M 25s
   950K .......... .......... .......... .......... ..........  4% 9.75M 24s
  1000K .......... .......... .......... .......... ..........  4% 1.99M 23s
  1050K .......... .......... .......... .......... ..........  4%  281K 26s
  1100K .......... .......... .......... .......... ..........  4% 60.9M 24s
  1150K .......... .......... .......... .......... ..........  5% 7.24M 23s
  1200K .......... .......... .......... .......... ..........  5% 18.2M 23s
  1250K .......... .......... .......... .......... ..........  5% 34.3M 22s
  1300K .......... .......... .......... .......... ..........  5%  550K 22s
  1350K .......... .......... .......... .......... ..........  6%  549K 23s
  1400K .......... .......... .......... .......... ..........  6%  385M 22s
  1450K .......... .......... .......... .......... ..........  6% 5.32M 21s
  1500K .......... .......... .......... .......... ..........  6% 85.0M 21s
  1550K .......... .......... .......... .......... ..........  6%  132M 20s
  1600K .......... .......... .......... .......... ..........  7% 1.25M 20s
  1650K .......... .......... .......... .......... ..........  7%  236K 22s
  1700K .......... .......... .......... .......... ..........  7%  125M 21s
  1750K .......... .......... .......... .......... ..........  7%  138M 21s
  1800K .......... .......... .......... .......... ..........  7%  152M 20s
  1850K .......... .......... .......... .......... ..........  8%  136M 19s
  1900K .......... .......... .......... .......... ..........  8%  185M 19s
  1950K .......... .......... .......... .......... ..........  8%  117M 18s
  2000K .......... .......... .......... .......... ..........  8%  655K 19s
  2050K .......... .......... .......... .......... ..........  9% 2.00M 18s
  2100K .......... .......... .......... .......... ..........  9% 61.4M 18s
  2150K .......... .......... .......... .......... ..........  9%  941K 18s
  2200K .......... .......... .......... .......... ..........  9%  517K 18s
  2250K .......... .......... .......... .......... ..........  9% 44.6M 18s
  2300K .......... .......... .......... .......... .......... 10% 3.24M 18s
  2350K .......... .......... .......... .......... .......... 10% 11.0M 17s
  2400K .......... .......... .......... .......... .......... 10% 1.12M 17s
  2450K .......... .......... .......... .......... .......... 10%  523K 18s
  2500K .......... .......... .......... .......... .......... 10% 35.6M 17s
  2550K .......... .......... .......... .......... .......... 11% 2.60M 17s
  2600K .......... .......... .......... .......... .......... 11% 9.55M 17s
  2650K .......... .......... .......... .......... .......... 11% 1.01M 17s
  2700K .......... .......... .......... .......... .......... 11%  510K 17s
  2750K .......... .......... .......... .......... .......... 12% 97.3M 17s
  2800K .......... .......... .......... .......... .......... 12% 1.05M 17s
  2850K .......... .......... .......... .......... .......... 12% 44.9M 17s
  2900K .......... .......... .......... .......... .......... 12% 93.7M 16s
  2950K .......... .......... .......... .......... .......... 12% 1.28M 16s
  3000K .......... .......... .......... .......... .......... 13%  597K 16s
  3050K .......... .......... .......... .......... .......... 13% 3.49M 16s
  3100K .......... .......... .......... .......... .......... 13%  562K 16s
  3150K .......... .......... .......... .......... .......... 13%  212K 18s
  3200K .......... .......... .......... .......... .......... 14% 60.1M 17s
  3250K .......... .......... .......... .......... .......... 14%  130M 17s
  3300K .......... .......... .......... .......... .......... 14%  292M 17s
  3350K .......... .......... .......... .......... .......... 14%  275M 16s
  3400K .......... .......... .......... .......... .......... 14%  204K 18s
  3450K .......... .......... .......... .......... .......... 15% 49.1M 17s
  3500K .......... .......... .......... .......... .......... 15%  167M 17s
  3550K .......... .......... .......... .......... .......... 15% 2.09M 17s
  3600K .......... .......... .......... .......... .......... 15%  271K 18s
  3650K .......... .......... .......... .......... .......... 15% 10.2M 17s
  3700K .......... .......... .......... .......... .......... 16% 1.88M 17s
  3750K .......... .......... .......... .......... .......... 16% 24.6M 17s
  3800K .......... .......... .......... .......... .......... 16% 10.6M 17s
  3850K .......... .......... .......... .......... .......... 16%  371K 17s
  3900K .......... .......... .......... .......... .......... 17%  330K 18s
  3950K .......... .......... .......... .......... .......... 17% 21.6M 17s
  4000K .......... .......... .......... .......... .......... 17% 16.8M 17s
  4050K .......... .......... .......... .......... .......... 17% 33.8M 17s
  4100K .......... .......... .......... .......... .......... 17%  291K 17s
  4150K .......... .......... .......... .......... .......... 18% 28.0M 17s
  4200K .......... .......... .......... .......... .......... 18% 20.1M 17s
  4250K .......... .......... .......... .......... .......... 18% 1.30M 17s
  4300K .......... .......... .......... .......... .......... 18%  395K 17s
  4350K .......... .......... .......... .......... .......... 18% 10.4M 17s
  4400K .......... .......... .......... .......... .......... 19%  344M 17s
  4450K .......... .......... .......... .......... .......... 19% 28.2M 16s
  4500K .......... .......... .......... .......... .......... 19% 1.06M 16s
  4550K .......... .......... .......... .......... .......... 19%  273K 17s
  4600K .......... .......... .......... .......... .......... 20% 35.4M 17s
  4650K .......... .......... .......... .......... .......... 20% 19.9M 16s
  4700K .......... .......... .......... .......... .......... 20% 29.9M 16s
  4750K .......... .......... .......... .......... .......... 20%  319K 17s
  4800K .......... .......... .......... .......... .......... 20% 33.9M 16s
  4850K .......... .......... .......... .......... .......... 21% 19.5M 16s
  4900K .......... .......... .......... .......... .......... 21% 23.9M 16s
  4950K .......... .......... .......... .......... .......... 21%  292K 16s
  5000K .......... .......... .......... .......... .......... 21% 3.36M 16s
  5050K .......... .......... .......... .......... .......... 21%  251M 16s
  5100K .......... .......... .......... .......... .......... 22% 26.0M 16s
  5150K .......... .......... .......... .......... .......... 22% 25.8M 16s
  5200K .......... .......... .......... .......... .......... 22%  257K 16s
  5250K .......... .......... .......... .......... .......... 22% 1.10M 16s
  5300K .......... .......... .......... .......... .......... 23% 73.6M 16s
  5350K .......... .......... .......... .......... .......... 23% 13.3M 16s
  5400K .......... .......... .......... .......... .......... 23% 63.3M 16s
  5450K .......... .......... .......... .......... .......... 23%  327K 16s
  5500K .......... .......... .......... .......... .......... 23% 7.85M 16s
  5550K .......... .......... .......... .......... .......... 24% 7.45M 16s
  5600K .......... .......... .......... .......... .......... 24% 19.5M 15s
  5650K .......... .......... .......... .......... .......... 24%  484K 16s
  5700K .......... .......... .......... .......... .......... 24% 1.13M 15s
  5750K .......... .......... .......... .......... .......... 25% 1.96M 15s
  5800K .......... .......... .......... .......... .......... 25%  151M 15s
  5850K .......... .......... .......... .......... .......... 25%  873K 15s
  5900K .......... .......... .......... .......... .......... 25% 1.38M 15s
  5950K .......... .......... .......... .......... .......... 25%  933K 15s
  6000K .......... .......... .......... .......... .......... 26% 1.17M 15s
  6050K .......... .......... .......... .......... .......... 26% 66.8M 15s
  6100K .......... .......... .......... .......... .......... 26%  690K 15s
  6150K .......... .......... .......... .......... .......... 26%  959K 15s
  6200K .......... .......... .......... .......... .......... 26%  984K 15s
  6250K .......... .......... .......... .......... .......... 27%  177M 15s
  6300K .......... .......... .......... .......... .......... 27%  916K 15s
  6350K .......... .......... .......... .......... .......... 27% 2.04M 15s
  6400K .......... .......... .......... .......... .......... 27% 1.34M 15s
  6450K .......... .......... .......... .......... .......... 28%  774K 15s
  6500K .......... .......... .......... .......... .......... 28% 20.1M 14s
  6550K .......... .......... .......... .......... .......... 28% 1.03M 14s
  6600K .......... .......... .......... .......... .......... 28% 2.73M 14s
  6650K .......... .......... .......... .......... .......... 28% 1.21M 14s
  6700K .......... .......... .......... .......... .......... 29%  942K 14s
  6750K .......... .......... .......... .......... .......... 29% 25.2M 14s
  6800K .......... .......... .......... .......... .......... 29%  974K 14s
  6850K .......... .......... .......... .......... .......... 29%  954K 14s
  6900K .......... .......... .......... .......... .......... 29%  136M 14s
  6950K .......... .......... .......... .......... .......... 30%  977K 14s
  7000K .......... .......... .......... .......... .......... 30%  899K 14s
  7050K .......... .......... .......... .......... .......... 30% 2.81M 14s
  7100K .......... .......... .......... .......... .......... 30% 1.39M 14s
  7150K .......... .......... .......... .......... .......... 31%  960K 14s
  7200K .......... .......... .......... .......... .......... 31% 81.8M 14s
  7250K .......... .......... .......... .......... .......... 31%  767K 14s
  7300K .......... .......... .......... .......... .......... 31% 7.53M 13s
  7350K .......... .......... .......... .......... .......... 31% 1.20M 13s
  7400K .......... .......... .......... .......... .......... 32% 1.08M 13s
  7450K .......... .......... .......... .......... .......... 32% 2.19M 13s
  7500K .......... .......... .......... .......... .......... 32%  823K 13s
  7550K .......... .......... .......... .......... .......... 32% 13.0M 13s
  7600K .......... .......... .......... .......... .......... 32% 1.75M 13s
  7650K .......... .......... .......... .......... .......... 33% 1.05M 13s
  7700K .......... .......... .......... .......... .......... 33% 2.51M 13s
  7750K .......... .......... .......... .......... .......... 33%  575K 13s
  7800K .......... .......... .......... .......... .......... 33% 1.46M 13s
  7850K .......... .......... .......... .......... .......... 34% 1.48M 13s
  7900K .......... .......... .......... .......... .......... 34% 45.8M 13s
  7950K .......... .......... .......... .......... .......... 34%  514K 13s
  8000K .......... .......... .......... .......... .......... 34% 8.55M 13s
  8050K .......... .......... .......... .......... .......... 34% 1.61M 13s
  8100K .......... .......... .......... .......... .......... 35% 1.94M 13s
  8150K .......... .......... .......... .......... .......... 35% 69.4M 12s
  8200K .......... .......... .......... .......... .......... 35%  326K 13s
  8250K .......... .......... .......... .......... .......... 35%  363M 12s
  8300K .......... .......... .......... .......... .......... 36% 38.2M 12s
  8350K .......... .......... .......... .......... .......... 36% 3.38M 12s
  8400K .......... .......... .......... .......... .......... 36% 4.45M 12s
  8450K .......... .......... .......... .......... .......... 36%  359K 12s
  8500K .......... .......... .......... .......... .......... 36% 32.9M 12s
  8550K .......... .......... .......... .......... .......... 37% 15.1M 12s
  8600K .......... .......... .......... .......... .......... 37% 1.68M 12s
  8650K .......... .......... .......... .......... .......... 37% 81.4M 12s
  8700K .......... .......... .......... .......... .......... 37%  138K 12s
  8750K .......... .......... .......... .......... .......... 37%  408M 12s
  8800K .......... .......... .......... .......... .......... 38%  461M 12s
  8850K .......... .......... .......... .......... .......... 38%  363M 12s
  8900K .......... .......... .......... .......... .......... 38%  444M 12s
  8950K .......... .......... .......... .......... .......... 38%  334K 12s
  9000K .......... .......... .......... .......... .......... 39% 3.28M 12s
  9050K .......... .......... .......... .......... .......... 39% 35.3M 12s
  9100K .......... .......... .......... .......... .......... 39%  349K 12s
  9150K .......... .......... .......... .......... .......... 39% 2.01M 12s
  9200K .......... .......... .......... .......... .......... 39% 25.5M 12s
  9250K .......... .......... .......... .......... .......... 40% 24.9M 12s
  9300K .......... .......... .......... .......... .......... 40%  282K 12s
  9350K .......... .......... .......... .......... .......... 40% 57.1M 12s
  9400K .......... .......... .......... .......... .......... 40% 7.29M 12s
  9450K .......... .......... .......... .......... .......... 40%  327K 12s
  9500K .......... .......... .......... .......... .......... 41% 40.9M 12s
  9550K .......... .......... .......... .......... .......... 41% 21.1M 12s
  9600K .......... .......... .......... .......... .......... 41% 2.90M 12s
  9650K .......... .......... .......... .......... .......... 41%  353K 12s
  9700K .......... .......... .......... .......... .......... 42%  280M 12s
  9750K .......... .......... .......... .......... .......... 42% 6.48M 11s
  9800K .......... .......... .......... .......... .......... 42% 1.26M 11s
  9850K .......... .......... .......... .......... .......... 42%  312K 11s
  9900K .......... .......... .......... .......... .......... 42%  199M 11s
  9950K .......... .......... .......... .......... .......... 43% 3.00M 11s
 10000K .......... .......... .......... .......... .......... 43%  189M 11s
 10050K .......... .......... .......... .......... .......... 43%  340K 11s
 10100K .......... .......... .......... .......... .......... 43% 66.1M 11s
 10150K .......... .......... .......... .......... .......... 43% 3.24M 11s
 10200K .......... .......... .......... .......... .......... 44% 62.7M 11s
 10250K .......... .......... .......... .......... .......... 44%  186K 11s
 10300K .......... .......... .......... .......... .......... 44%  185M 11s
 10350K .......... .......... .......... .......... .......... 44% 3.07M 11s
 10400K .......... .......... .......... .......... .......... 45% 81.4M 11s
 10450K .......... .......... .......... .......... .......... 45%  348K 11s
 10500K .......... .......... .......... .......... .......... 45%  146M 11s
 10550K .......... .......... .......... .......... .......... 45% 1.71M 11s
 10600K .......... .......... .......... .......... .......... 45% 24.1M 11s
 10650K .......... .......... .......... .......... .......... 46%  391K 11s
 10700K .......... .......... .......... .......... .......... 46%  125M 11s
 10750K .......... .......... .......... .......... .......... 46% 1.41M 11s
 10800K .......... .......... .......... .......... .......... 46% 7.72M 11s
 10850K .......... .......... .......... .......... .......... 47% 28.6M 11s
 10900K .......... .......... .......... .......... .......... 47%  372K 11s
 10950K .......... .......... .......... .......... .......... 47% 3.47M 11s
 11000K .......... .......... .......... .......... .......... 47% 6.00M 10s
 11050K .......... .......... .......... .......... .......... 47% 35.8M 10s
 11100K .......... .......... .......... .......... .......... 48%  314K 10s
 11150K .......... .......... .......... .......... .......... 48%  469M 10s
 11200K .......... .......... .......... .......... .......... 48% 7.54M 10s
 11250K .......... .......... .......... .......... .......... 48% 7.84M 10s
 11300K .......... .......... .......... .......... .......... 48%  333K 10s
 11350K .......... .......... .......... .......... .......... 49% 2.98M 10s
 11400K .......... .......... .......... .......... .......... 49% 27.9M 10s
 11450K .......... .......... .......... .......... .......... 49% 22.5M 10s
 11500K .......... .......... .......... .......... .......... 49% 27.0M 10s
 11550K .......... .......... .......... .......... .......... 50%  286K 10s
 11600K .......... .......... .......... .......... .......... 50% 92.8M 10s
 11650K .......... .......... .......... .......... .......... 50% 53.3M 10s
 11700K .......... .......... .......... .......... .......... 50% 5.14M 10s
 11750K .......... .......... .......... .......... .......... 50%  440K 10s
 11800K .......... .......... .......... .......... .......... 51% 1.23M 10s
 11850K .......... .......... .......... .......... .......... 51% 57.4M 10s
 11900K .......... .......... .......... .......... .......... 51% 7.07M 10s
 11950K .......... .......... .......... .......... .......... 51% 32.4M 10s
 12000K .......... .......... .......... .......... .......... 51%  307K 10s
 12050K .......... .......... .......... .......... .......... 52%  211M 10s
 12100K .......... .......... .......... .......... .......... 52% 7.87M 9s
 12150K .......... .......... .......... .......... .......... 52% 25.9M 9s
 12200K .......... .......... .......... .......... .......... 52%  512K 9s
 12250K .......... .......... .......... .......... .......... 53%  794K 9s
 12300K .......... .......... .......... .......... .......... 53% 23.4M 9s
 12350K .......... .......... .......... .......... .......... 53% 10.5M 9s
 12400K .......... .......... .......... .......... .......... 53% 52.8M 9s
 12450K .......... .......... .......... .......... .......... 53%  276K 9s
 12500K .......... .......... .......... .......... .......... 54%  319M 9s
 12550K .......... .......... .......... .......... .......... 54% 53.7M 9s
 12600K .......... .......... .......... .......... .......... 54% 17.9M 9s
 12650K .......... .......... .......... .......... .......... 54% 10.0M 9s
 12700K .......... .......... .......... .......... .......... 54%  315K 9s
 12750K .......... .......... .......... .......... .......... 55% 93.8M 9s
 12800K .......... .......... .......... .......... .......... 55% 36.4M 9s
 12850K .......... .......... .......... .......... .......... 55% 27.8M 9s
 12900K .......... .......... .......... .......... .......... 55%  653K 9s
 12950K .......... .......... .......... .......... .......... 56%  558K 9s
 13000K .......... .......... .......... .......... .......... 56%  213M 9s
 13050K .......... .......... .......... .......... .......... 56% 67.9M 9s
 13100K .......... .......... .......... .......... .......... 56% 26.9M 8s
 13150K .......... .......... .......... .......... .......... 56%  272K 9s
 13200K .......... .......... .......... .......... .......... 57% 20.4M 8s
 13250K .......... .......... .......... .......... .......... 57%  147M 8s
 13300K .......... .......... .......... .......... .......... 57% 3.76M 8s
 13350K .......... .......... .......... .......... .......... 57% 57.6M 8s
 13400K .......... .......... .......... .......... .......... 57%  329K 8s
 13450K .......... .......... .......... .......... .......... 58%  386M 8s
 13500K .......... .......... .......... .......... .......... 58% 5.58M 8s
 13550K .......... .......... .......... .......... .......... 58%  167M 8s
 13600K .......... .......... .......... .......... .......... 58% 1.15M 8s
 13650K .......... .......... .......... .......... .......... 59%  451K 8s
 13700K .......... .......... .......... .......... .......... 59% 77.7M 8s
 13750K .......... .......... .......... .......... .......... 59% 18.5M 8s
 13800K .......... .......... .......... .......... .......... 59% 51.7M 8s
 13850K .......... .......... .......... .......... .......... 59%  322K 8s
 13900K .......... .......... .......... .......... .......... 60% 3.09M 8s
 13950K .......... .......... .......... .......... .......... 60% 74.4M 8s
 14000K .......... .......... .......... .......... .......... 60% 24.2M 8s
 14050K .......... .......... .......... .......... .......... 60% 1.10M 8s
 14100K .......... .......... .......... .......... .......... 61%  494K 8s
 14150K .......... .......... .......... .......... .......... 61% 4.51M 8s
 14200K .......... .......... .......... .......... .......... 61% 27.7M 7s
 14250K .......... .......... .......... .......... .......... 61% 1.77M 7s
 14300K .......... .......... .......... .......... .......... 61% 1.52M 7s
 14350K .......... .......... .......... .......... .......... 62%  580K 7s
 14400K .......... .......... .......... .......... .......... 62% 1.07M 7s
 14450K .......... .......... .......... .......... .......... 62% 59.6M 7s
 14500K .......... .......... .......... .......... .......... 62% 23.6M 7s
 14550K .......... .......... .......... .......... .......... 62% 1.70M 7s
 14600K .......... .......... .......... .......... .......... 63%  291K 7s
 14650K .......... .......... .......... .......... .......... 63% 67.5M 7s
 14700K .......... .......... .......... .......... .......... 63% 52.0M 7s
 14750K .......... .......... .......... .......... .......... 63% 7.85M 7s
 14800K .......... .......... .......... .......... .......... 64% 18.6M 7s
 14850K .......... .......... .......... .......... .......... 64%  325K 7s
 14900K .......... .......... .......... .......... .......... 64% 6.46M 7s
 14950K .......... .......... .......... .......... .......... 64%  242M 7s
 15000K .......... .......... .......... .......... .......... 64% 16.1M 7s
 15050K .......... .......... .......... .......... .......... 65%  339K 7s
 15100K .......... .......... .......... .......... .......... 65% 1.91M 7s
 15150K .......... .......... .......... .......... .......... 65%  230M 7s
 15200K .......... .......... .......... .......... .......... 65%  153M 7s
 15250K .......... .......... .......... .......... .......... 65%  400M 7s
 15300K .......... .......... .......... .......... .......... 66%  367K 7s
 15350K .......... .......... .......... .......... .......... 66% 1.96M 6s
 15400K .......... .......... .......... .......... .......... 66% 11.5M 6s
 15450K .......... .......... .......... .......... .......... 66% 19.9M 6s
 15500K .......... .......... .......... .......... .......... 67%  109M 6s
 15550K .......... .......... .......... .......... .......... 67%  388K 6s
 15600K .......... .......... .......... .......... .......... 67% 1.22M 6s
 15650K .......... .......... .......... .......... .......... 67% 50.0M 6s
 15700K .......... .......... .......... .......... .......... 67% 46.8M 6s
 15750K .......... .......... .......... .......... .......... 68% 4.71M 6s
 15800K .......... .......... .......... .......... .......... 68%  452K 6s
 15850K .......... .......... .......... .......... .......... 68%  665K 6s
 15900K .......... .......... .......... .......... .......... 68%  262M 6s
 15950K .......... .......... .......... .......... .......... 68% 49.7M 6s
 16000K .......... .......... .......... .......... .......... 69%  588K 6s
 16050K .......... .......... .......... .......... .......... 69% 1.04M 6s
 16100K .......... .......... .......... .......... .......... 69%  715K 6s
 16150K .......... .......... .......... .......... .......... 69%  132M 6s
 16200K .......... .......... .......... .......... .......... 70% 15.7M 6s
 16250K .......... .......... .......... .......... .......... 70% 1.18M 6s
 16300K .......... .......... .......... .......... .......... 70%  937K 6s
 16350K .......... .......... .......... .......... .......... 70%  673K 6s
 16400K .......... .......... .......... .......... .......... 70% 66.9M 6s
 16450K .......... .......... .......... .......... .......... 71% 9.06M 6s
 16500K .......... .......... .......... .......... .......... 71% 1.78M 5s
 16550K .......... .......... .......... .......... .......... 71%  300K 5s
 16600K .......... .......... .......... .......... .......... 71% 85.4M 5s
 16650K .......... .......... .......... .......... .......... 72% 15.6M 5s
 16700K .......... .......... .......... .......... .......... 72% 11.3M 5s
 16750K .......... .......... .......... .......... .......... 72% 18.3M 5s
 16800K .......... .......... .......... .......... .......... 72%  262K 5s
 16850K .......... .......... .......... .......... .......... 72% 2.65M 5s
 16900K .......... .......... .......... .......... .......... 73%  314M 5s
 16950K .......... .......... .......... .......... .......... 73% 16.1M 5s
 17000K .......... .......... .......... .......... .......... 73% 29.6M 5s
 17050K .......... .......... .......... .......... .......... 73%  325K 5s
 17100K .......... .......... .......... .......... .......... 73% 2.46M 5s
 17150K .......... .......... .......... .......... .......... 74%  366M 5s
 17200K .......... .......... .......... .......... .......... 74% 3.25M 5s
 17250K .......... .......... .......... .......... .......... 74% 16.5M 5s
 17300K .......... .......... .......... .......... .......... 74%  321K 5s
 17350K .......... .......... .......... .......... .......... 75%  127M 5s
 17400K .......... .......... .......... .......... .......... 75% 28.0M 5s
 17450K .......... .......... .......... .......... .......... 75% 21.3M 5s
 17500K .......... .......... .......... .......... .......... 75%  414K 5s
 17550K .......... .......... .......... .......... .......... 75% 1.08M 5s
 17600K .......... .......... .......... .......... .......... 76% 85.0M 5s
 17650K .......... .......... .......... .......... .......... 76% 11.4M 5s
 17700K .......... .......... .......... .......... .......... 76% 10.4M 4s
 17750K .......... .......... .......... .......... .......... 76%  446K 4s
 17800K .......... .......... .......... .......... .......... 76% 1.06M 4s
 17850K .......... .......... .......... .......... .......... 77% 5.40M 4s
 17900K .......... .......... .......... .......... .......... 77%  117M 4s
 17950K .......... .......... .......... .......... .......... 77% 45.4M 4s
 18000K .......... .......... .......... .......... .......... 77%  320K 4s
 18050K .......... .......... .......... .......... .......... 78% 42.8M 4s
 18100K .......... .......... .......... .......... .......... 78% 8.59M 4s
 18150K .......... .......... .......... .......... .......... 78%  172M 4s
 18200K .......... .......... .......... .......... .......... 78%  128M 4s
 18250K .......... .......... .......... .......... .......... 78%  327K 4s
 18300K .......... .......... .......... .......... .......... 79% 3.83M 4s
 18350K .......... .......... .......... .......... .......... 79% 57.9M 4s
 18400K .......... .......... .......... .......... .......... 79% 55.6M 4s
 18450K .......... .......... .......... .......... .......... 79%  561K 4s
 18500K .......... .......... .......... .......... .......... 79%  616K 4s
 18550K .......... .......... .......... .......... .......... 80% 70.5M 4s
 18600K .......... .......... .......... .......... .......... 80% 51.6M 4s
 18650K .......... .......... .......... .......... .......... 80% 10.3M 4s
 18700K .......... .......... .......... .......... .......... 80%  701K 4s
 18750K .......... .......... .......... .......... .......... 81%  558K 4s
 18800K .......... .......... .......... .......... .......... 81% 23.8M 4s
 18850K .......... .......... .......... .......... .......... 81% 26.4M 3s
 18900K .......... .......... .......... .......... .......... 81% 4.62M 3s
 18950K .......... .......... .......... .......... .......... 81%  901K 3s
 19000K .......... .......... .......... .......... .......... 82%  483K 3s
 19050K .......... .......... .......... .......... .......... 82%  156M 3s
 19100K .......... .......... .......... .......... .......... 82%  152M 3s
 19150K .......... .......... .......... .......... .......... 82% 9.77M 3s
 19200K .......... .......... .......... .......... .......... 83%  425K 3s
 19250K .......... .......... .......... .......... .......... 83%  979K 3s
 19300K .......... .......... .......... .......... .......... 83% 22.3M 3s
 19350K .......... .......... .......... .......... .......... 83% 32.3M 3s
 19400K .......... .......... .......... .......... .......... 83%  118M 3s
 19450K .......... .......... .......... .......... .......... 84%  474K 3s
 19500K .......... .......... .......... .......... .......... 84%  819K 3s
 19550K .......... .......... .......... .......... .......... 84%  185M 3s
 19600K .......... .......... .......... .......... .......... 84% 16.4M 3s
 19650K .......... .......... .......... .......... .......... 84% 95.9M 3s
 19700K .......... .......... .......... .......... .......... 85%  534K 3s
 19750K .......... .......... .......... .......... .......... 85%  679K 3s
 19800K .......... .......... .......... .......... .......... 85% 65.6M 3s
 19850K .......... .......... .......... .......... .......... 85% 71.7M 3s
 19900K .......... .......... .......... .......... .......... 86% 22.9M 3s
 19950K .......... .......... .......... .......... .......... 86%  619K 3s
 20000K .......... .......... .......... .......... .......... 86%  576K 3s
 20050K .......... .......... .......... .......... .......... 86%  181M 2s
 20100K .......... .......... .......... .......... .......... 86% 31.0M 2s
 20150K .......... .......... .......... .......... .......... 87%  131M 2s
 20200K .......... .......... .......... .......... .......... 87%  619K 2s
 20250K .......... .......... .......... .......... .......... 87%  375K 2s
 20300K .......... .......... .......... .......... .......... 87%  296M 2s
 20350K .......... .......... .......... .......... .......... 87% 39.2M 2s
 20400K .......... .......... .......... .......... .......... 88%  119M 2s
 20450K .......... .......... .......... .......... .......... 88% 1.90M 2s
 20500K .......... .......... .......... .......... .......... 88%  362K 2s
 20550K .......... .......... .......... .......... .......... 88% 9.46M 2s
 20600K .......... .......... .......... .......... .......... 89%  124M 2s
 20650K .......... .......... .......... .......... .......... 89%  238M 2s
 20700K .......... .......... .......... .......... .......... 89% 1.78M 2s
 20750K .......... .......... .......... .......... .......... 89%  389K 2s
 20800K .......... .......... .......... .......... .......... 89% 69.5M 2s
 20850K .......... .......... .......... .......... .......... 90% 2.03M 2s
 20900K .......... .......... .......... .......... .......... 90% 24.7M 2s
 20950K .......... .......... .......... .......... .......... 90% 3.86M 2s
 21000K .......... .......... .......... .......... .......... 90%  410K 2s
 21050K .......... .......... .......... .......... .......... 90% 50.5M 2s
 21100K .......... .......... .......... .......... .......... 91% 1.58M 2s
 21150K .......... .......... .......... .......... .......... 91%  111M 2s
 21200K .......... .......... .......... .......... .......... 91% 10.7M 2s
 21250K .......... .......... .......... .......... .......... 91%  413K 2s
 21300K .......... .......... .......... .......... .......... 92% 26.7M 1s
 21350K .......... .......... .......... .......... .......... 92% 1.37M 1s
 21400K .......... .......... .......... .......... .......... 92% 16.8M 1s
 21450K .......... .......... .......... .......... .......... 92% 1.49M 1s
 21500K .......... .......... .......... .......... .......... 92%  562K 1s
 21550K .......... .......... .......... .......... .......... 93% 40.6M 1s
 21600K .......... .......... .......... .......... .......... 93%  975K 1s
 21650K .......... .......... .......... .......... .......... 93% 59.6M 1s
 21700K .......... .......... .......... .......... .......... 93% 4.76M 1s
 21750K .......... .......... .......... .......... .......... 94% 2.51M 1s
 21800K .......... .......... .......... .......... .......... 94%  648K 1s
 21850K .......... .......... .......... .......... .......... 94% 1006K 1s
 21900K .......... .......... .......... .......... .......... 94% 57.1M 1s
 21950K .......... .......... .......... .......... .......... 94% 3.77M 1s
 22000K .......... .......... .......... .......... .......... 95% 2.07M 1s
 22050K .......... .......... .......... .......... .......... 95%  603K 1s
 22100K .......... .......... .......... .......... .......... 95% 1.73M 1s
 22150K .......... .......... .......... .......... .......... 95% 1.49M 1s
 22200K .......... .......... .......... .......... .......... 95%  126M 1s
 22250K .......... .......... .......... .......... .......... 96% 3.43M 1s
 22300K .......... .......... .......... .......... .......... 96% 2.70M 1s
 22350K .......... .......... .......... .......... .......... 96%  464K 1s
 22400K .......... .......... .......... .......... .......... 96% 1005K 1s
 22450K .......... .......... .......... .......... .......... 97% 95.2M 1s
 22500K .......... .......... .......... .......... .......... 97% 8.19M 1s
 22550K .......... .......... .......... .......... .......... 97% 60.7M 0s
 22600K .......... .......... .......... .......... .......... 97%  491K 0s
 22650K .......... .......... .......... .......... .......... 97% 52.4M 0s
 22700K .......... .......... .......... .......... .......... 98% 1007K 0s
 22750K .......... .......... .......... .......... .......... 98% 5.96M 0s
 22800K .......... .......... .......... .......... .......... 98% 5.92M 0s
 22850K .......... .......... .......... .......... .......... 98% 11.4M 0s
 22900K .......... .......... .......... .......... .......... 98%  575K 0s
 22950K .......... .......... .......... .......... .......... 99%  858K 0s
 23000K .......... .......... .......... .......... .......... 99% 65.4M 0s
 23050K .......... .......... .......... .......... .......... 99% 2.56M 0s
 23100K .......... .......... .......... .......... .......... 99%  126M 0s
 23150K .......... .......... .......... ..........           100% 45.3M=18s

2024-11-21 20:50:16 (1.24 MB/s) - ‘gencode.vM36.basic.annotation.gtf.gz’ saved [23747170/23747170]

